This file contains any messages produced by compilers while
running configure, to aid debugging if configure makes a mistake.

It was created by sparky_engine configure 0.1, which was
generated by GNU Autoconf 2.69.  Invocation command line was

  $ /home/thewaffledimension/projects/c++/sparky_engine/configure --enable-maintainer-mode CFLAGS=-g -O0 CXXFLAGS=-g -O0 JFLAGS=-g -O0 FFLAGS=-g -O0

## --------- ##
## Platform. ##
## --------- ##

hostname = localhost.localdomain
uname -m = x86_64
uname -r = 4.14.14-300.fc27.x86_64
uname -s = Linux
uname -v = #1 SMP Fri Jan 19 13:19:54 UTC 2018

/usr/bin/uname -p = x86_64
/bin/uname -X     = unknown

/bin/arch              = x86_64
/usr/bin/arch -k       = unknown
/usr/convex/getsysinfo = unknown
/usr/bin/hostinfo      = unknown
/bin/machine           = unknown
/usr/bin/oslevel       = unknown
/bin/universe          = unknown

PATH: /usr/local/bin
PATH: /usr/local/sbin
PATH: /usr/bin
PATH: /usr/sbin
PATH: /home/thewaffledimension/android/tools
PATH: /home/thewaffledimension/android/platform-tools
PATH: /home/thewaffledimension/android/build-tools
PATH: /home/thewaffledimension/android/tools
PATH: /home/thewaffledimension/android/platform-tools
PATH: /home/thewaffledimension/android/build-tools
PATH: /home/thewaffledimension/.local/bin
PATH: /home/thewaffledimension/bin


## ----------- ##
## Core tests. ##
## ----------- ##

configure:2470: checking for a BSD-compatible install
configure:2538: result: /usr/bin/install -c
configure:2549: checking whether build environment is sane
configure:2604: result: yes
configure:2755: checking for a thread-safe mkdir -p
configure:2794: result: /usr/bin/mkdir -p
configure:2801: checking for gawk
configure:2817: found /usr/bin/gawk
configure:2828: result: gawk
configure:2839: checking whether make sets $(MAKE)
configure:2861: result: yes
configure:2890: checking whether make supports nested variables
configure:2907: result: yes
configure:3045: checking whether make supports nested variables
configure:3062: result: yes
configure:3132: checking for g++
configure:3148: found /usr/bin/g++
configure:3159: result: g++
configure:3186: checking for C++ compiler version
configure:3195: g++ --version >&5
g++ (GCC) 7.2.1 20170915 (Red Hat 7.2.1-2)
Copyright (C) 2017 Free Software Foundation, Inc.
This is free software; see the source for copying conditions.  There is NO
warranty; not even for MERCHANTABILITY or FITNESS FOR A PARTICULAR PURPOSE.

configure:3206: $? = 0
configure:3195: g++ -v >&5
Using built-in specs.
COLLECT_GCC=g++
COLLECT_LTO_WRAPPER=/usr/libexec/gcc/x86_64-redhat-linux/7/lto-wrapper
OFFLOAD_TARGET_NAMES=nvptx-none
OFFLOAD_TARGET_DEFAULT=1
Target: x86_64-redhat-linux
Configured with: ../configure --enable-bootstrap --enable-languages=c,c++,objc,obj-c++,fortran,ada,go,lto --prefix=/usr --mandir=/usr/share/man --infodir=/usr/share/info --with-bugurl=http://bugzilla.redhat.com/bugzilla --enable-shared --enable-threads=posix --enable-checking=release --enable-multilib --with-system-zlib --enable-__cxa_atexit --disable-libunwind-exceptions --enable-gnu-unique-object --enable-linker-build-id --with-gcc-major-version-only --with-linker-hash-style=gnu --enable-plugin --enable-initfini-array --with-isl --enable-libmpx --enable-offload-targets=nvptx-none --without-cuda-driver --enable-gnu-indirect-function --with-tune=generic --with-arch_32=i686 --build=x86_64-redhat-linux
Thread model: posix
gcc version 7.2.1 20170915 (Red Hat 7.2.1-2) (GCC) 
configure:3206: $? = 0
configure:3195: g++ -V >&5
g++: error: unrecognized command line option '-V'
g++: fatal error: no input files
compilation terminated.
configure:3206: $? = 1
configure:3195: g++ -qversion >&5
g++: error: unrecognized command line option '-qversion'; did you mean '--version'?
g++: fatal error: no input files
compilation terminated.
configure:3206: $? = 1
configure:3226: checking whether the C++ compiler works
configure:3248: g++ -g -O0   conftest.cpp  >&5
configure:3252: $? = 0
configure:3300: result: yes
configure:3303: checking for C++ compiler default output file name
configure:3305: result: a.out
configure:3311: checking for suffix of executables
configure:3318: g++ -o conftest -g -O0   conftest.cpp  >&5
configure:3322: $? = 0
configure:3344: result: 
configure:3366: checking whether we are cross compiling
configure:3374: g++ -o conftest -g -O0   conftest.cpp  >&5
configure:3378: $? = 0
configure:3385: ./conftest
configure:3389: $? = 0
configure:3404: result: no
configure:3409: checking for suffix of object files
configure:3431: g++ -c -g -O0  conftest.cpp >&5
configure:3435: $? = 0
configure:3456: result: o
configure:3460: checking whether we are using the GNU C++ compiler
configure:3479: g++ -c -g -O0  conftest.cpp >&5
configure:3479: $? = 0
configure:3488: result: yes
configure:3497: checking whether g++ accepts -g
configure:3517: g++ -c -g  conftest.cpp >&5
configure:3517: $? = 0
configure:3558: result: yes
configure:3592: checking for style of include used by make
configure:3620: result: GNU
configure:3646: checking dependency style of g++
configure:3757: result: gcc3
configure:3777: checking whether NLS is requested
configure:3786: result: yes
configure:3804: checking for intltool >= 0.35.0
configure:3806: result: 0.51.0 found
configure:3814: checking for intltool-update
configure:3832: found /usr/bin/intltool-update
configure:3844: result: /usr/bin/intltool-update
configure:3854: checking for intltool-merge
configure:3872: found /usr/bin/intltool-merge
configure:3884: result: /usr/bin/intltool-merge
configure:3894: checking for intltool-extract
configure:3912: found /usr/bin/intltool-extract
configure:3924: result: /usr/bin/intltool-extract
configure:4078: checking for xgettext
configure:4096: found /usr/bin/xgettext
configure:4108: result: /usr/bin/xgettext
configure:4118: checking for msgmerge
configure:4136: found /usr/bin/msgmerge
configure:4148: result: /usr/bin/msgmerge
configure:4158: checking for msgfmt
configure:4176: found /usr/bin/msgfmt
configure:4188: result: /usr/bin/msgfmt
configure:4198: checking for gmsgfmt
configure:4229: result: /usr/bin/msgfmt
configure:4249: checking for perl
configure:4267: found /usr/bin/perl
configure:4279: result: /usr/bin/perl
configure:4290: checking for perl >= 5.8.1
configure:4297: result: 5.26.1
configure:4301: checking for XML::Parser
configure:4304: result: ok
configure:4373: checking for gcc
configure:4389: found /usr/bin/gcc
configure:4400: result: gcc
configure:4629: checking for C compiler version
configure:4638: gcc --version >&5
gcc (GCC) 7.2.1 20170915 (Red Hat 7.2.1-2)
Copyright (C) 2017 Free Software Foundation, Inc.
This is free software; see the source for copying conditions.  There is NO
warranty; not even for MERCHANTABILITY or FITNESS FOR A PARTICULAR PURPOSE.

configure:4649: $? = 0
configure:4638: gcc -v >&5
Using built-in specs.
COLLECT_GCC=gcc
COLLECT_LTO_WRAPPER=/usr/libexec/gcc/x86_64-redhat-linux/7/lto-wrapper
OFFLOAD_TARGET_NAMES=nvptx-none
OFFLOAD_TARGET_DEFAULT=1
Target: x86_64-redhat-linux
Configured with: ../configure --enable-bootstrap --enable-languages=c,c++,objc,obj-c++,fortran,ada,go,lto --prefix=/usr --mandir=/usr/share/man --infodir=/usr/share/info --with-bugurl=http://bugzilla.redhat.com/bugzilla --enable-shared --enable-threads=posix --enable-checking=release --enable-multilib --with-system-zlib --enable-__cxa_atexit --disable-libunwind-exceptions --enable-gnu-unique-object --enable-linker-build-id --with-gcc-major-version-only --with-linker-hash-style=gnu --enable-plugin --enable-initfini-array --with-isl --enable-libmpx --enable-offload-targets=nvptx-none --without-cuda-driver --enable-gnu-indirect-function --with-tune=generic --with-arch_32=i686 --build=x86_64-redhat-linux
Thread model: posix
gcc version 7.2.1 20170915 (Red Hat 7.2.1-2) (GCC) 
configure:4649: $? = 0
configure:4638: gcc -V >&5
gcc: error: unrecognized command line option '-V'
gcc: fatal error: no input files
compilation terminated.
configure:4649: $? = 1
configure:4638: gcc -qversion >&5
gcc: error: unrecognized command line option '-qversion'; did you mean '--version'?
gcc: fatal error: no input files
compilation terminated.
configure:4649: $? = 1
configure:4653: checking whether we are using the GNU C compiler
configure:4672: gcc -c -g -O0  conftest.c >&5
configure:4672: $? = 0
configure:4681: result: yes
configure:4690: checking whether gcc accepts -g
configure:4710: gcc -c -g  conftest.c >&5
configure:4710: $? = 0
configure:4751: result: yes
configure:4768: checking for gcc option to accept ISO C89
configure:4831: gcc  -c -g -O0  conftest.c >&5
configure:4831: $? = 0
configure:4844: result: none needed
configure:4869: checking whether gcc understands -c and -o together
configure:4891: gcc -c conftest.c -o conftest2.o
configure:4894: $? = 0
configure:4891: gcc -c conftest.c -o conftest2.o
configure:4894: $? = 0
configure:4906: result: yes
configure:4925: checking dependency style of gcc
configure:5036: result: gcc3
configure:5057: checking how to run the C preprocessor
configure:5088: gcc -E  conftest.c
configure:5088: $? = 0
configure:5102: gcc -E  conftest.c
conftest.c:12:10: fatal error: ac_nonexistent.h: No such file or directory
 #include <ac_nonexistent.h>
          ^~~~~~~~~~~~~~~~~~
compilation terminated.
configure:5102: $? = 1
configure: failed program was:
| /* confdefs.h */
| #define PACKAGE_NAME "sparky_engine"
| #define PACKAGE_TARNAME "sparky_engine"
| #define PACKAGE_VERSION "0.1"
| #define PACKAGE_STRING "sparky_engine 0.1"
| #define PACKAGE_BUGREPORT ""
| #define PACKAGE_URL ""
| #define PACKAGE "sparky_engine"
| #define VERSION "0.1"
| #define GETTEXT_PACKAGE "sparky_engine"
| /* end confdefs.h.  */
| #include <ac_nonexistent.h>
configure:5127: result: gcc -E
configure:5147: gcc -E  conftest.c
configure:5147: $? = 0
configure:5161: gcc -E  conftest.c
conftest.c:12:10: fatal error: ac_nonexistent.h: No such file or directory
 #include <ac_nonexistent.h>
          ^~~~~~~~~~~~~~~~~~
compilation terminated.
configure:5161: $? = 1
configure: failed program was:
| /* confdefs.h */
| #define PACKAGE_NAME "sparky_engine"
| #define PACKAGE_TARNAME "sparky_engine"
| #define PACKAGE_VERSION "0.1"
| #define PACKAGE_STRING "sparky_engine 0.1"
| #define PACKAGE_BUGREPORT ""
| #define PACKAGE_URL ""
| #define PACKAGE "sparky_engine"
| #define VERSION "0.1"
| #define GETTEXT_PACKAGE "sparky_engine"
| /* end confdefs.h.  */
| #include <ac_nonexistent.h>
configure:5190: checking for grep that handles long lines and -e
configure:5248: result: /usr/bin/grep
configure:5253: checking for egrep
configure:5315: result: /usr/bin/grep -E
configure:5320: checking for ANSI C header files
configure:5340: gcc -c -g -O0  conftest.c >&5
configure:5340: $? = 0
configure:5413: gcc -o conftest -g -O0   conftest.c  >&5
configure:5413: $? = 0
configure:5413: ./conftest
configure:5413: $? = 0
configure:5424: result: yes
configure:5437: checking for sys/types.h
configure:5437: gcc -c -g -O0  conftest.c >&5
configure:5437: $? = 0
configure:5437: result: yes
configure:5437: checking for sys/stat.h
configure:5437: gcc -c -g -O0  conftest.c >&5
configure:5437: $? = 0
configure:5437: result: yes
configure:5437: checking for stdlib.h
configure:5437: gcc -c -g -O0  conftest.c >&5
configure:5437: $? = 0
configure:5437: result: yes
configure:5437: checking for string.h
configure:5437: gcc -c -g -O0  conftest.c >&5
configure:5437: $? = 0
configure:5437: result: yes
configure:5437: checking for memory.h
configure:5437: gcc -c -g -O0  conftest.c >&5
configure:5437: $? = 0
configure:5437: result: yes
configure:5437: checking for strings.h
configure:5437: gcc -c -g -O0  conftest.c >&5
configure:5437: $? = 0
configure:5437: result: yes
configure:5437: checking for inttypes.h
configure:5437: gcc -c -g -O0  conftest.c >&5
configure:5437: $? = 0
configure:5437: result: yes
configure:5437: checking for stdint.h
configure:5437: gcc -c -g -O0  conftest.c >&5
configure:5437: $? = 0
configure:5437: result: yes
configure:5437: checking for unistd.h
configure:5437: gcc -c -g -O0  conftest.c >&5
configure:5437: $? = 0
configure:5437: result: yes
configure:5452: checking locale.h usability
configure:5452: gcc -c -g -O0  conftest.c >&5
configure:5452: $? = 0
configure:5452: result: yes
configure:5452: checking locale.h presence
configure:5452: gcc -E  conftest.c
configure:5452: $? = 0
configure:5452: result: yes
configure:5452: checking for locale.h
configure:5452: result: yes
configure:5463: checking for LC_MESSAGES
configure:5479: gcc -o conftest -g -O0   conftest.c  >&5
configure:5479: $? = 0
configure:5487: result: yes
configure:5505: checking for CFPreferencesCopyAppValue
configure:5523: gcc -o conftest -g -O0   conftest.c  -Wl,-framework -Wl,CoreFoundation >&5
conftest.c:24:10: fatal error: CoreFoundation/CFPreferences.h: No such file or directory
 #include <CoreFoundation/CFPreferences.h>
          ^~~~~~~~~~~~~~~~~~~~~~~~~~~~~~~~
compilation terminated.
configure:5523: $? = 1
configure: failed program was:
| /* confdefs.h */
| #define PACKAGE_NAME "sparky_engine"
| #define PACKAGE_TARNAME "sparky_engine"
| #define PACKAGE_VERSION "0.1"
| #define PACKAGE_STRING "sparky_engine 0.1"
| #define PACKAGE_BUGREPORT ""
| #define PACKAGE_URL ""
| #define PACKAGE "sparky_engine"
| #define VERSION "0.1"
| #define GETTEXT_PACKAGE "sparky_engine"
| #define STDC_HEADERS 1
| #define HAVE_SYS_TYPES_H 1
| #define HAVE_SYS_STAT_H 1
| #define HAVE_STDLIB_H 1
| #define HAVE_STRING_H 1
| #define HAVE_MEMORY_H 1
| #define HAVE_STRINGS_H 1
| #define HAVE_INTTYPES_H 1
| #define HAVE_STDINT_H 1
| #define HAVE_UNISTD_H 1
| #define HAVE_LOCALE_H 1
| #define HAVE_LC_MESSAGES 1
| /* end confdefs.h.  */
| #include <CoreFoundation/CFPreferences.h>
| int
| main ()
| {
| CFPreferencesCopyAppValue(NULL, NULL)
|   ;
|   return 0;
| }
configure:5532: result: no
configure:5539: checking for CFLocaleCopyCurrent
configure:5557: gcc -o conftest -g -O0   conftest.c  -Wl,-framework -Wl,CoreFoundation >&5
conftest.c:24:10: fatal error: CoreFoundation/CFLocale.h: No such file or directory
 #include <CoreFoundation/CFLocale.h>
          ^~~~~~~~~~~~~~~~~~~~~~~~~~~
compilation terminated.
configure:5557: $? = 1
configure: failed program was:
| /* confdefs.h */
| #define PACKAGE_NAME "sparky_engine"
| #define PACKAGE_TARNAME "sparky_engine"
| #define PACKAGE_VERSION "0.1"
| #define PACKAGE_STRING "sparky_engine 0.1"
| #define PACKAGE_BUGREPORT ""
| #define PACKAGE_URL ""
| #define PACKAGE "sparky_engine"
| #define VERSION "0.1"
| #define GETTEXT_PACKAGE "sparky_engine"
| #define STDC_HEADERS 1
| #define HAVE_SYS_TYPES_H 1
| #define HAVE_SYS_STAT_H 1
| #define HAVE_STDLIB_H 1
| #define HAVE_STRING_H 1
| #define HAVE_MEMORY_H 1
| #define HAVE_STRINGS_H 1
| #define HAVE_INTTYPES_H 1
| #define HAVE_STDINT_H 1
| #define HAVE_UNISTD_H 1
| #define HAVE_LOCALE_H 1
| #define HAVE_LC_MESSAGES 1
| /* end confdefs.h.  */
| #include <CoreFoundation/CFLocale.h>
| int
| main ()
| {
| CFLocaleCopyCurrent();
|   ;
|   return 0;
| }
configure:5566: result: no
configure:5580: checking libintl.h usability
configure:5580: gcc -c -g -O0  conftest.c >&5
configure:5580: $? = 0
configure:5580: result: yes
configure:5580: checking libintl.h presence
configure:5580: gcc -E  conftest.c
configure:5580: $? = 0
configure:5580: result: yes
configure:5580: checking for libintl.h
configure:5580: result: yes
configure:5588: checking for ngettext in libc
configure:5606: gcc -o conftest -g -O0   conftest.c  >&5
configure:5606: $? = 0
configure:5615: result: yes
configure:5619: checking for dgettext in libc
configure:5637: gcc -o conftest -g -O0   conftest.c  >&5
configure:5637: $? = 0
configure:5646: result: yes
configure:5653: checking for bind_textdomain_codeset
configure:5653: gcc -o conftest -g -O0   conftest.c  >&5
configure:5653: $? = 0
configure:5653: result: yes
configure:5929: checking for msgfmt
configure:5956: result: /usr/bin/msgfmt
configure:5967: checking for dcgettext
configure:5967: gcc -o conftest -g -O0   conftest.c   >&5
conftest.c:49:6: warning: conflicting types for built-in function 'dcgettext' [-Wbuiltin-declaration-mismatch]
 char dcgettext ();
      ^~~~~~~~~
configure:5967: $? = 0
configure:5967: result: yes
configure:5977: checking if msgfmt accepts -c
configure:5992: $MSGFMT -c -o /dev/null conftest.foo
conftest.foo:3: warning: header field 'Language' missing in header
configure:5995: $? = 0
configure:5997: result: yes
configure:6007: checking for gmsgfmt
configure:6038: result: /usr/bin/msgfmt
configure:6048: checking for xgettext
configure:6075: result: /usr/bin/xgettext
configure:6094: gcc -o conftest -g -O0   conftest.c   >&5
configure:6094: $? = 0
configure:6267: checking build system type
configure:6281: result: x86_64-pc-linux-gnu
configure:6301: checking host system type
configure:6314: result: x86_64-pc-linux-gnu
configure:6355: checking how to print strings
configure:6382: result: printf
configure:6403: checking for a sed that does not truncate output
configure:6467: result: /usr/bin/sed
configure:6485: checking for fgrep
configure:6547: result: /usr/bin/grep -F
configure:6582: checking for ld used by gcc
configure:6649: result: /usr/bin/ld
configure:6656: checking if the linker (/usr/bin/ld) is GNU ld
configure:6671: result: yes
configure:6683: checking for BSD- or MS-compatible name lister (nm)
configure:6737: result: /usr/bin/nm -B
configure:6867: checking the name lister (/usr/bin/nm -B) interface
configure:6874: gcc -c -g -O0  conftest.c >&5
configure:6877: /usr/bin/nm -B "conftest.o"
configure:6880: output
0000000000000000 B some_variable
configure:6887: result: BSD nm
configure:6890: checking whether ln -s works
configure:6894: result: yes
configure:6902: checking the maximum length of command line arguments
configure:7033: result: 1572864
configure:7081: checking how to convert x86_64-pc-linux-gnu file names to x86_64-pc-linux-gnu format
configure:7121: result: func_convert_file_noop
configure:7128: checking how to convert x86_64-pc-linux-gnu file names to toolchain format
configure:7148: result: func_convert_file_noop
configure:7155: checking for /usr/bin/ld option to reload object files
configure:7162: result: -r
configure:7236: checking for objdump
configure:7252: found /usr/bin/objdump
configure:7263: result: objdump
configure:7295: checking how to recognize dependent libraries
configure:7495: result: pass_all
configure:7580: checking for dlltool
configure:7610: result: no
configure:7640: checking how to associate runtime and link libraries
configure:7667: result: printf %s\n
configure:7727: checking for ar
configure:7743: found /usr/bin/ar
configure:7754: result: ar
configure:7791: checking for archiver @FILE support
configure:7808: gcc -c -g -O0  conftest.c >&5
configure:7808: $? = 0
configure:7811: ar cru libconftest.a @conftest.lst >&5
configure:7814: $? = 0
configure:7819: ar cru libconftest.a @conftest.lst >&5
ar: conftest.o: No such file or directory
configure:7822: $? = 1
configure:7834: result: @
configure:7892: checking for strip
configure:7908: found /usr/bin/strip
configure:7919: result: strip
configure:7991: checking for ranlib
configure:8007: found /usr/bin/ranlib
configure:8018: result: ranlib
configure:8120: checking command to parse /usr/bin/nm -B output from gcc object
configure:8273: gcc -c -g -O0  conftest.c >&5
configure:8276: $? = 0
configure:8280: /usr/bin/nm -B conftest.o \| sed -n -e 's/^.*[ ]\([ABCDGIRSTW][ABCDGIRSTW]*\)[ ][ ]*\([_A-Za-z][_A-Za-z0-9]*\)$/\1 \2 \2/p' | sed '/ __gnu_lto/d' \> conftest.nm
configure:8283: $? = 0
configure:8349: gcc -o conftest -g -O0   conftest.c conftstm.o >&5
configure:8352: $? = 0
configure:8390: result: ok
configure:8437: checking for sysroot
configure:8467: result: no
configure:8474: checking for a working dd
configure:8512: result: /usr/bin/dd
configure:8516: checking how to truncate binary pipes
configure:8531: result: /usr/bin/dd bs=4096 count=1
configure:8667: gcc -c -g -O0  conftest.c >&5
configure:8670: $? = 0
configure:8860: checking for mt
configure:8890: result: no
configure:8910: checking if : is a manifest tool
configure:8916: : '-?'
configure:8924: result: no
configure:9598: checking for dlfcn.h
configure:9598: gcc -c -g -O0  conftest.c >&5
configure:9598: $? = 0
configure:9598: result: yes
configure:9865: checking for objdir
configure:9880: result: .libs
configure:10140: checking if gcc supports -fno-rtti -fno-exceptions
configure:10158: gcc -c -g -O0  -fno-rtti -fno-exceptions conftest.c >&5
cc1: warning: command line option '-fno-rtti' is valid for C++/ObjC++ but not for C
configure:10162: $? = 0
configure:10175: result: no
configure:10533: checking for gcc option to produce PIC
configure:10540: result: -fPIC -DPIC
configure:10548: checking if gcc PIC flag -fPIC -DPIC works
configure:10566: gcc -c -g -O0  -fPIC -DPIC -DPIC conftest.c >&5
configure:10570: $? = 0
configure:10583: result: yes
configure:10612: checking if gcc static flag -static works
configure:10640: result: no
configure:10655: checking if gcc supports -c -o file.o
configure:10676: gcc -c -g -O0  -o out/conftest2.o conftest.c >&5
configure:10680: $? = 0
configure:10702: result: yes
configure:10710: checking if gcc supports -c -o file.o
configure:10757: result: yes
configure:10790: checking whether the gcc linker (/usr/bin/ld -m elf_x86_64) supports shared libraries
configure:12049: result: yes
configure:12086: checking whether -lc should be explicitly linked in
configure:12094: gcc -c -g -O0  conftest.c >&5
configure:12097: $? = 0
configure:12112: gcc -shared  -fPIC -DPIC conftest.o  -v -Wl,-soname -Wl,conftest -o conftest 2\>\&1 \| /usr/bin/grep  -lc  \>/dev/null 2\>\&1
configure:12115: $? = 0
configure:12129: result: no
configure:12289: checking dynamic linker characteristics
configure:12870: gcc -o conftest -g -O0   -Wl,-rpath -Wl,/foo conftest.c  >&5
configure:12870: $? = 0
configure:13110: result: GNU/Linux ld.so
configure:13232: checking how to hardcode library paths into programs
configure:13257: result: immediate
configure:13805: checking whether stripping libraries is possible
configure:13810: result: yes
configure:13845: checking if libtool supports shared libraries
configure:13847: result: yes
configure:13850: checking whether to build shared libraries
configure:13875: result: yes
configure:13878: checking whether to build static libraries
configure:13882: result: yes
configure:13905: checking how to run the C++ preprocessor
configure:13932: g++ -E  conftest.cpp
configure:13932: $? = 0
configure:13946: g++ -E  conftest.cpp
conftest.cpp:30:10: fatal error: ac_nonexistent.h: No such file or directory
 #include <ac_nonexistent.h>
          ^~~~~~~~~~~~~~~~~~
compilation terminated.
configure:13946: $? = 1
configure: failed program was:
| /* confdefs.h */
| #define PACKAGE_NAME "sparky_engine"
| #define PACKAGE_TARNAME "sparky_engine"
| #define PACKAGE_VERSION "0.1"
| #define PACKAGE_STRING "sparky_engine 0.1"
| #define PACKAGE_BUGREPORT ""
| #define PACKAGE_URL ""
| #define PACKAGE "sparky_engine"
| #define VERSION "0.1"
| #define GETTEXT_PACKAGE "sparky_engine"
| #define STDC_HEADERS 1
| #define HAVE_SYS_TYPES_H 1
| #define HAVE_SYS_STAT_H 1
| #define HAVE_STDLIB_H 1
| #define HAVE_STRING_H 1
| #define HAVE_MEMORY_H 1
| #define HAVE_STRINGS_H 1
| #define HAVE_INTTYPES_H 1
| #define HAVE_STDINT_H 1
| #define HAVE_UNISTD_H 1
| #define HAVE_LOCALE_H 1
| #define HAVE_LC_MESSAGES 1
| #define HAVE_BIND_TEXTDOMAIN_CODESET 1
| #define HAVE_GETTEXT 1
| #define HAVE_DCGETTEXT 1
| #define ENABLE_NLS 1
| #define HAVE_DLFCN_H 1
| #define LT_OBJDIR ".libs/"
| /* end confdefs.h.  */
| #include <ac_nonexistent.h>
configure:13971: result: g++ -E
configure:13991: g++ -E  conftest.cpp
configure:13991: $? = 0
configure:14005: g++ -E  conftest.cpp
conftest.cpp:30:10: fatal error: ac_nonexistent.h: No such file or directory
 #include <ac_nonexistent.h>
          ^~~~~~~~~~~~~~~~~~
compilation terminated.
configure:14005: $? = 1
configure: failed program was:
| /* confdefs.h */
| #define PACKAGE_NAME "sparky_engine"
| #define PACKAGE_TARNAME "sparky_engine"
| #define PACKAGE_VERSION "0.1"
| #define PACKAGE_STRING "sparky_engine 0.1"
| #define PACKAGE_BUGREPORT ""
| #define PACKAGE_URL ""
| #define PACKAGE "sparky_engine"
| #define VERSION "0.1"
| #define GETTEXT_PACKAGE "sparky_engine"
| #define STDC_HEADERS 1
| #define HAVE_SYS_TYPES_H 1
| #define HAVE_SYS_STAT_H 1
| #define HAVE_STDLIB_H 1
| #define HAVE_STRING_H 1
| #define HAVE_MEMORY_H 1
| #define HAVE_STRINGS_H 1
| #define HAVE_INTTYPES_H 1
| #define HAVE_STDINT_H 1
| #define HAVE_UNISTD_H 1
| #define HAVE_LOCALE_H 1
| #define HAVE_LC_MESSAGES 1
| #define HAVE_BIND_TEXTDOMAIN_CODESET 1
| #define HAVE_GETTEXT 1
| #define HAVE_DCGETTEXT 1
| #define ENABLE_NLS 1
| #define HAVE_DLFCN_H 1
| #define LT_OBJDIR ".libs/"
| /* end confdefs.h.  */
| #include <ac_nonexistent.h>
configure:14167: checking for ld used by g++
configure:14234: result: /usr/bin/ld -m elf_x86_64
configure:14241: checking if the linker (/usr/bin/ld -m elf_x86_64) is GNU ld
configure:14256: result: yes
configure:14311: checking whether the g++ linker (/usr/bin/ld -m elf_x86_64) supports shared libraries
configure:15384: result: yes
configure:15420: g++ -c -g -O0  conftest.cpp >&5
configure:15423: $? = 0
configure:15904: checking for g++ option to produce PIC
configure:15911: result: -fPIC -DPIC
configure:15919: checking if g++ PIC flag -fPIC -DPIC works
configure:15937: g++ -c -g -O0  -fPIC -DPIC -DPIC conftest.cpp >&5
configure:15941: $? = 0
configure:15954: result: yes
configure:15977: checking if g++ static flag -static works
configure:16005: result: no
configure:16017: checking if g++ supports -c -o file.o
configure:16038: g++ -c -g -O0  -o out/conftest2.o conftest.cpp >&5
configure:16042: $? = 0
configure:16064: result: yes
configure:16069: checking if g++ supports -c -o file.o
configure:16116: result: yes
configure:16146: checking whether the g++ linker (/usr/bin/ld -m elf_x86_64) supports shared libraries
configure:16186: result: yes
configure:16327: checking dynamic linker characteristics
configure:17075: result: GNU/Linux ld.so
configure:17140: checking how to hardcode library paths into programs
configure:17165: result: immediate
configure:17285: checking for pkg-config
configure:17303: found /usr/bin/pkg-config
configure:17315: result: /usr/bin/pkg-config
configure:17340: checking pkg-config is at least version 0.9.0
configure:17343: result: yes
configure:17353: checking for GLEW
configure:17360: $PKG_CONFIG --exists --print-errors "glew"
configure:17363: $? = 0
configure:17377: $PKG_CONFIG --exists --print-errors "glew"
configure:17380: $? = 0
configure:17438: result: yes
configure:17445: checking for GL
configure:17452: $PKG_CONFIG --exists --print-errors "gl"
configure:17455: $? = 0
configure:17469: $PKG_CONFIG --exists --print-errors "gl"
configure:17472: $? = 0
configure:17530: result: yes
configure:17537: checking for GLFW3
configure:17544: $PKG_CONFIG --exists --print-errors "glfw3"
configure:17547: $? = 0
configure:17561: $PKG_CONFIG --exists --print-errors "glfw3"
configure:17564: $? = 0
configure:17622: result: yes
configure:17738: checking that generated files are newer than configure
configure:17744: result: done
configure:17775: creating ./config.status

## ---------------------- ##
## Running config.status. ##
## ---------------------- ##

This file was extended by sparky_engine config.status 0.1, which was
generated by GNU Autoconf 2.69.  Invocation command line was

  CONFIG_FILES    = 
  CONFIG_HEADERS  = 
  CONFIG_LINKS    = 
  CONFIG_COMMANDS = 
  $ ./config.status 

on localhost.localdomain

config.status:1235: creating Makefile
config.status:1235: creating src/Makefile
config.status:1235: creating po/Makefile.in
config.status:1235: creating config.h
config.status:1401: config.h is unchanged
config.status:1449: executing depfiles commands
config.status:1449: executing default-1 commands
config.status:1449: executing libtool commands
config.status:1449: executing po/stamp-it commands
configure:20207: WARNING: unrecognized options: --enable-maintainer-mode

## ---------------- ##
## Cache variables. ##
## ---------------- ##

ac_cv_build=x86_64-pc-linux-gnu
ac_cv_c_compiler_gnu=yes
ac_cv_cxx_compiler_gnu=yes
ac_cv_env_CCC_set=
ac_cv_env_CCC_value=
ac_cv_env_CC_set=
ac_cv_env_CC_value=
ac_cv_env_CFLAGS_set=set
ac_cv_env_CFLAGS_value='-g -O0'
ac_cv_env_CPPFLAGS_set=
ac_cv_env_CPPFLAGS_value=
ac_cv_env_CPP_set=
ac_cv_env_CPP_value=
ac_cv_env_CXXCPP_set=
ac_cv_env_CXXCPP_value=
ac_cv_env_CXXFLAGS_set=set
ac_cv_env_CXXFLAGS_value='-g -O0'
ac_cv_env_CXX_set=
ac_cv_env_CXX_value=
ac_cv_env_GLEW_CFLAGS_set=
ac_cv_env_GLEW_CFLAGS_value=
ac_cv_env_GLEW_LIBS_set=
ac_cv_env_GLEW_LIBS_value=
ac_cv_env_GLFW3_CFLAGS_set=
ac_cv_env_GLFW3_CFLAGS_value=
ac_cv_env_GLFW3_LIBS_set=
ac_cv_env_GLFW3_LIBS_value=
ac_cv_env_GL_CFLAGS_set=
ac_cv_env_GL_CFLAGS_value=
ac_cv_env_GL_LIBS_set=
ac_cv_env_GL_LIBS_value=
ac_cv_env_LDFLAGS_set=
ac_cv_env_LDFLAGS_value=
ac_cv_env_LIBS_set=
ac_cv_env_LIBS_value=
ac_cv_env_LT_SYS_LIBRARY_PATH_set=
ac_cv_env_LT_SYS_LIBRARY_PATH_value=
ac_cv_env_PKG_CONFIG_LIBDIR_set=
ac_cv_env_PKG_CONFIG_LIBDIR_value=
ac_cv_env_PKG_CONFIG_PATH_set=
ac_cv_env_PKG_CONFIG_PATH_value=
ac_cv_env_PKG_CONFIG_set=
ac_cv_env_PKG_CONFIG_value=
ac_cv_env_build_alias_set=
ac_cv_env_build_alias_value=
ac_cv_env_host_alias_set=
ac_cv_env_host_alias_value=
ac_cv_env_target_alias_set=
ac_cv_env_target_alias_value=
ac_cv_func_bind_textdomain_codeset=yes
ac_cv_func_dcgettext=yes
ac_cv_header_dlfcn_h=yes
ac_cv_header_inttypes_h=yes
ac_cv_header_libintl_h=yes
ac_cv_header_locale_h=yes
ac_cv_header_memory_h=yes
ac_cv_header_stdc=yes
ac_cv_header_stdint_h=yes
ac_cv_header_stdlib_h=yes
ac_cv_header_string_h=yes
ac_cv_header_strings_h=yes
ac_cv_header_sys_stat_h=yes
ac_cv_header_sys_types_h=yes
ac_cv_header_unistd_h=yes
ac_cv_host=x86_64-pc-linux-gnu
ac_cv_objext=o
ac_cv_path_EGREP='/usr/bin/grep -E'
ac_cv_path_FGREP='/usr/bin/grep -F'
ac_cv_path_GMSGFMT=/usr/bin/msgfmt
ac_cv_path_GREP=/usr/bin/grep
ac_cv_path_INTLTOOL_EXTRACT=/usr/bin/intltool-extract
ac_cv_path_INTLTOOL_MERGE=/usr/bin/intltool-merge
ac_cv_path_INTLTOOL_PERL=/usr/bin/perl
ac_cv_path_INTLTOOL_UPDATE=/usr/bin/intltool-update
ac_cv_path_MSGFMT=/usr/bin/msgfmt
ac_cv_path_MSGMERGE=/usr/bin/msgmerge
ac_cv_path_SED=/usr/bin/sed
ac_cv_path_XGETTEXT=/usr/bin/xgettext
ac_cv_path_ac_pt_PKG_CONFIG=/usr/bin/pkg-config
ac_cv_path_install='/usr/bin/install -c'
ac_cv_path_lt_DD=/usr/bin/dd
ac_cv_path_mkdir=/usr/bin/mkdir
ac_cv_prog_AWK=gawk
ac_cv_prog_CPP='gcc -E'
ac_cv_prog_CXXCPP='g++ -E'
ac_cv_prog_ac_ct_AR=ar
ac_cv_prog_ac_ct_CC=gcc
ac_cv_prog_ac_ct_CXX=g++
ac_cv_prog_ac_ct_OBJDUMP=objdump
ac_cv_prog_ac_ct_RANLIB=ranlib
ac_cv_prog_ac_ct_STRIP=strip
ac_cv_prog_cc_c89=
ac_cv_prog_cc_g=yes
ac_cv_prog_cxx_g=yes
ac_cv_prog_make_make_set=yes
am_cv_CC_dependencies_compiler_type=gcc3
am_cv_CXX_dependencies_compiler_type=gcc3
am_cv_make_support_nested_variables=yes
am_cv_prog_cc_c_o=yes
am_cv_val_LC_MESSAGES=yes
gt_cv_func_CFLocaleCopyCurrent=no
gt_cv_func_CFPreferencesCopyAppValue=no
gt_cv_func_dgettext_libc=yes
gt_cv_func_dgettext_libintl=no
gt_cv_func_ngettext_libc=yes
gt_cv_have_gettext=yes
lt_cv_ar_at_file=@
lt_cv_archive_cmds_need_lc=no
lt_cv_deplibs_check_method=pass_all
lt_cv_file_magic_cmd='$MAGIC_CMD'
lt_cv_file_magic_test_file=
lt_cv_ld_reload_flag=-r
lt_cv_nm_interface='BSD nm'
lt_cv_objdir=.libs
lt_cv_path_LD=/usr/bin/ld
lt_cv_path_LDCXX='/usr/bin/ld -m elf_x86_64'
lt_cv_path_NM='/usr/bin/nm -B'
lt_cv_path_mainfest_tool=no
lt_cv_prog_compiler_c_o=yes
lt_cv_prog_compiler_c_o_CXX=yes
lt_cv_prog_compiler_pic='-fPIC -DPIC'
lt_cv_prog_compiler_pic_CXX='-fPIC -DPIC'
lt_cv_prog_compiler_pic_works=yes
lt_cv_prog_compiler_pic_works_CXX=yes
lt_cv_prog_compiler_rtti_exceptions=no
lt_cv_prog_compiler_static_works=no
lt_cv_prog_compiler_static_works_CXX=no
lt_cv_prog_gnu_ld=yes
lt_cv_prog_gnu_ldcxx=yes
lt_cv_sharedlib_from_linklib_cmd='printf %s\n'
lt_cv_shlibpath_overrides_runpath=no
lt_cv_sys_global_symbol_pipe='sed -n -e '\''s/^.*[	 ]\([ABCDGIRSTW][ABCDGIRSTW]*\)[	 ][	 ]*\([_A-Za-z][_A-Za-z0-9]*\)$/\1 \2 \2/p'\'' | sed '\''/ __gnu_lto/d'\'''
lt_cv_sys_global_symbol_to_c_name_address='sed -n -e '\''s/^: \(.*\) .*$/  {"\1", (void *) 0},/p'\'' -e '\''s/^[ABCDGIRSTW][ABCDGIRSTW]* .* \(.*\)$/  {"\1", (void *) \&\1},/p'\'''
lt_cv_sys_global_symbol_to_c_name_address_lib_prefix='sed -n -e '\''s/^: \(.*\) .*$/  {"\1", (void *) 0},/p'\'' -e '\''s/^[ABCDGIRSTW][ABCDGIRSTW]* .* \(lib.*\)$/  {"\1", (void *) \&\1},/p'\'' -e '\''s/^[ABCDGIRSTW][ABCDGIRSTW]* .* \(.*\)$/  {"lib\1", (void *) \&\1},/p'\'''
lt_cv_sys_global_symbol_to_cdecl='sed -n -e '\''s/^T .* \(.*\)$/extern int \1();/p'\'' -e '\''s/^[ABCDGIRSTW][ABCDGIRSTW]* .* \(.*\)$/extern char \1;/p'\'''
lt_cv_sys_global_symbol_to_import=
lt_cv_sys_max_cmd_len=1572864
lt_cv_to_host_file_cmd=func_convert_file_noop
lt_cv_to_tool_file_cmd=func_convert_file_noop
lt_cv_truncate_bin='/usr/bin/dd bs=4096 count=1'
pkg_cv_GLEW_CFLAGS='-I/usr/include/libdrm '
pkg_cv_GLEW_LIBS='-lGLEW -lGLU -lGL '
pkg_cv_GLFW3_CFLAGS=
pkg_cv_GLFW3_LIBS='-lglfw '
pkg_cv_GL_CFLAGS='-I/usr/include/libdrm '
pkg_cv_GL_LIBS='-lGL '

## ----------------- ##
## Output variables. ##
## ----------------- ##

ACLOCAL='${SHELL} /home/thewaffledimension/projects/c++/sparky_engine/missing aclocal-1.15'
ALL_LINGUAS=''
AMDEPBACKSLASH='\'
AMDEP_FALSE='#'
AMDEP_TRUE=''
AMTAR='$${TAR-tar}'
AM_BACKSLASH='\'
AM_DEFAULT_V='$(AM_DEFAULT_VERBOSITY)'
AM_DEFAULT_VERBOSITY='0'
AM_V='$(V)'
AR='ar'
AUTOCONF='${SHELL} /home/thewaffledimension/projects/c++/sparky_engine/missing autoconf'
AUTOHEADER='${SHELL} /home/thewaffledimension/projects/c++/sparky_engine/missing autoheader'
AUTOMAKE='${SHELL} /home/thewaffledimension/projects/c++/sparky_engine/missing automake-1.15'
AWK='gawk'
CATALOGS=''
CATOBJEXT='.gmo'
CC='gcc'
CCDEPMODE='depmode=gcc3'
CFLAGS='-g -O0'
CPP='gcc -E'
CPPFLAGS=''
CXX='g++'
CXXCPP='g++ -E'
CXXDEPMODE='depmode=gcc3'
CXXFLAGS='-g -O0'
CYGPATH_W='echo'
DATADIRNAME='share'
DEFS='-DHAVE_CONFIG_H'
DEPDIR='.deps'
DLLTOOL='false'
DSYMUTIL=''
DUMPBIN=''
ECHO_C=''
ECHO_N='-n'
ECHO_T=''
EGREP='/usr/bin/grep -E'
EXEEXT=''
FGREP='/usr/bin/grep -F'
GETTEXT_PACKAGE='sparky_engine'
GLEW_CFLAGS='-I/usr/include/libdrm '
GLEW_LIBS='-lGLEW -lGLU -lGL '
GLFW3_CFLAGS=''
GLFW3_LIBS='-lglfw '
GL_CFLAGS='-I/usr/include/libdrm '
GL_LIBS='-lGL '
GMOFILES=''
GMSGFMT='/usr/bin/msgfmt'
GREP='/usr/bin/grep'
INSTALL_DATA='${INSTALL} -m 644'
INSTALL_PROGRAM='${INSTALL}'
INSTALL_SCRIPT='${INSTALL}'
INSTALL_STRIP_PROGRAM='$(install_sh) -c -s'
INSTOBJEXT='.mo'
INTLLIBS=''
INTLTOOL_CAVES_RULE='%.caves:     %.caves.in     $(INTLTOOL_MERGE) $(wildcard $(top_srcdir)/po/*.po) ; $(INTLTOOL_V_MERGE)LC_ALL=C $(INTLTOOL_MERGE) $(INTLTOOL_V_MERGE_OPTIONS) -d -u -c $(top_builddir)/po/.intltool-merge-cache $(top_srcdir)/po $< $@'
INTLTOOL_DESKTOP_RULE='%.desktop:   %.desktop.in   $(INTLTOOL_MERGE) $(wildcard $(top_srcdir)/po/*.po) ; $(INTLTOOL_V_MERGE)LC_ALL=C $(INTLTOOL_MERGE) $(INTLTOOL_V_MERGE_OPTIONS) -d -u -c $(top_builddir)/po/.intltool-merge-cache $(top_srcdir)/po $< $@'
INTLTOOL_DIRECTORY_RULE='%.directory: %.directory.in $(INTLTOOL_MERGE) $(wildcard $(top_srcdir)/po/*.po) ; $(INTLTOOL_V_MERGE)LC_ALL=C $(INTLTOOL_MERGE) $(INTLTOOL_V_MERGE_OPTIONS) -d -u -c $(top_builddir)/po/.intltool-merge-cache $(top_srcdir)/po $< $@'
INTLTOOL_EXTRACT='/usr/bin/intltool-extract'
INTLTOOL_KBD_RULE='%.kbd:       %.kbd.in       $(INTLTOOL_MERGE) $(wildcard $(top_srcdir)/po/*.po) ; $(INTLTOOL_V_MERGE)LC_ALL=C $(INTLTOOL_MERGE) $(INTLTOOL_V_MERGE_OPTIONS) -x -u -m -c $(top_builddir)/po/.intltool-merge-cache $(top_srcdir)/po $< $@'
INTLTOOL_KEYS_RULE='%.keys:      %.keys.in      $(INTLTOOL_MERGE) $(wildcard $(top_srcdir)/po/*.po) ; $(INTLTOOL_V_MERGE)LC_ALL=C $(INTLTOOL_MERGE) $(INTLTOOL_V_MERGE_OPTIONS) -k -u -c $(top_builddir)/po/.intltool-merge-cache $(top_srcdir)/po $< $@'
INTLTOOL_MERGE='/usr/bin/intltool-merge'
INTLTOOL_OAF_RULE='%.oaf:       %.oaf.in       $(INTLTOOL_MERGE) $(wildcard $(top_srcdir)/po/*.po) ; $(INTLTOOL_V_MERGE)LC_ALL=C $(INTLTOOL_MERGE) $(INTLTOOL_V_MERGE_OPTIONS) -o -p $(top_srcdir)/po $< $@'
INTLTOOL_PERL='/usr/bin/perl'
INTLTOOL_POLICY_RULE='%.policy:    %.policy.in    $(INTLTOOL_MERGE) $(wildcard $(top_srcdir)/po/*.po) ; $(INTLTOOL_V_MERGE)LC_ALL=C $(INTLTOOL_MERGE) $(INTLTOOL_V_MERGE_OPTIONS) -x -u -c $(top_builddir)/po/.intltool-merge-cache $(top_srcdir)/po $< $@'
INTLTOOL_PONG_RULE='%.pong:      %.pong.in      $(INTLTOOL_MERGE) $(wildcard $(top_srcdir)/po/*.po) ; $(INTLTOOL_V_MERGE)LC_ALL=C $(INTLTOOL_MERGE) $(INTLTOOL_V_MERGE_OPTIONS) -x -u -c $(top_builddir)/po/.intltool-merge-cache $(top_srcdir)/po $< $@'
INTLTOOL_PROP_RULE='%.prop:      %.prop.in      $(INTLTOOL_MERGE) $(wildcard $(top_srcdir)/po/*.po) ; $(INTLTOOL_V_MERGE)LC_ALL=C $(INTLTOOL_MERGE) $(INTLTOOL_V_MERGE_OPTIONS) -d -u -c $(top_builddir)/po/.intltool-merge-cache $(top_srcdir)/po $< $@'
INTLTOOL_SCHEMAS_RULE='%.schemas:   %.schemas.in   $(INTLTOOL_MERGE) $(wildcard $(top_srcdir)/po/*.po) ; $(INTLTOOL_V_MERGE)LC_ALL=C $(INTLTOOL_MERGE) $(INTLTOOL_V_MERGE_OPTIONS) -s -u -c $(top_builddir)/po/.intltool-merge-cache $(top_srcdir)/po $< $@'
INTLTOOL_SERVER_RULE='%.server:    %.server.in    $(INTLTOOL_MERGE) $(wildcard $(top_srcdir)/po/*.po) ; $(INTLTOOL_V_MERGE)LC_ALL=C $(INTLTOOL_MERGE) $(INTLTOOL_V_MERGE_OPTIONS) -o -u -c $(top_builddir)/po/.intltool-merge-cache $(top_srcdir)/po $< $@'
INTLTOOL_SERVICE_RULE='%.service: %.service.in   $(INTLTOOL_MERGE) $(wildcard $(top_srcdir)/po/*.po) ; $(INTLTOOL_V_MERGE)LC_ALL=C $(INTLTOOL_MERGE) $(INTLTOOL_V_MERGE_OPTIONS) -d -u -c $(top_builddir)/po/.intltool-merge-cache $(top_srcdir)/po $< $@'
INTLTOOL_SHEET_RULE='%.sheet:     %.sheet.in     $(INTLTOOL_MERGE) $(wildcard $(top_srcdir)/po/*.po) ; $(INTLTOOL_V_MERGE)LC_ALL=C $(INTLTOOL_MERGE) $(INTLTOOL_V_MERGE_OPTIONS) -x -u -c $(top_builddir)/po/.intltool-merge-cache $(top_srcdir)/po $< $@'
INTLTOOL_SOUNDLIST_RULE='%.soundlist: %.soundlist.in $(INTLTOOL_MERGE) $(wildcard $(top_srcdir)/po/*.po) ; $(INTLTOOL_V_MERGE)LC_ALL=C $(INTLTOOL_MERGE) $(INTLTOOL_V_MERGE_OPTIONS) -d -u -c $(top_builddir)/po/.intltool-merge-cache $(top_srcdir)/po $< $@'
INTLTOOL_THEME_RULE='%.theme:     %.theme.in     $(INTLTOOL_MERGE) $(wildcard $(top_srcdir)/po/*.po) ; $(INTLTOOL_V_MERGE)LC_ALL=C $(INTLTOOL_MERGE) $(INTLTOOL_V_MERGE_OPTIONS) -d -u -c $(top_builddir)/po/.intltool-merge-cache $(top_srcdir)/po $< $@'
INTLTOOL_UI_RULE='%.ui:        %.ui.in        $(INTLTOOL_MERGE) $(wildcard $(top_srcdir)/po/*.po) ; $(INTLTOOL_V_MERGE)LC_ALL=C $(INTLTOOL_MERGE) $(INTLTOOL_V_MERGE_OPTIONS) -x -u -c $(top_builddir)/po/.intltool-merge-cache $(top_srcdir)/po $< $@'
INTLTOOL_UPDATE='/usr/bin/intltool-update'
INTLTOOL_V_MERGE='$(INTLTOOL__v_MERGE_$(V))'
INTLTOOL_V_MERGE_OPTIONS='$(intltool__v_merge_options_$(V))'
INTLTOOL_XAM_RULE='%.xam:       %.xml.in       $(INTLTOOL_MERGE) $(wildcard $(top_srcdir)/po/*.po) ; $(INTLTOOL_V_MERGE)LC_ALL=C $(INTLTOOL_MERGE) $(INTLTOOL_V_MERGE_OPTIONS) -x -u -c $(top_builddir)/po/.intltool-merge-cache $(top_srcdir)/po $< $@'
INTLTOOL_XML_NOMERGE_RULE='%.xml:       %.xml.in       $(INTLTOOL_MERGE) ; $(INTLTOOL_V_MERGE)LC_ALL=C $(INTLTOOL_MERGE) $(INTLTOOL_V_MERGE_OPTIONS) -x -u --no-translations $< $@'
INTLTOOL_XML_RULE='%.xml:       %.xml.in       $(INTLTOOL_MERGE) $(wildcard $(top_srcdir)/po/*.po) ; $(INTLTOOL_V_MERGE)LC_ALL=C $(INTLTOOL_MERGE) $(INTLTOOL_V_MERGE_OPTIONS) -x -u -c $(top_builddir)/po/.intltool-merge-cache $(top_srcdir)/po $< $@'
INTLTOOL__v_MERGE_0='@echo "  ITMRG " $@;'
INTLTOOL__v_MERGE_='$(INTLTOOL__v_MERGE_$(AM_DEFAULT_VERBOSITY))'
INTL_MACOSX_LIBS=''
LD='/usr/bin/ld -m elf_x86_64'
LDFLAGS=''
LIBOBJS=''
LIBS=''
LIBTOOL='$(SHELL) $(top_builddir)/libtool'
LIPO=''
LN_S='ln -s'
LTLIBOBJS=''
LT_SYS_LIBRARY_PATH=''
MAKEINFO='${SHELL} /home/thewaffledimension/projects/c++/sparky_engine/missing makeinfo'
MANIFEST_TOOL=':'
MKDIR_P='/usr/bin/mkdir -p'
MKINSTALLDIRS='/home/thewaffledimension/projects/c++/sparky_engine/mkinstalldirs'
MSGFMT='/usr/bin/msgfmt'
MSGFMT_OPTS='-c'
MSGMERGE='/usr/bin/msgmerge'
NM='/usr/bin/nm -B'
NMEDIT=''
OBJDUMP='objdump'
OBJEXT='o'
OTOOL64=''
OTOOL=''
PACKAGE='sparky_engine'
PACKAGE_BUGREPORT=''
PACKAGE_NAME='sparky_engine'
PACKAGE_STRING='sparky_engine 0.1'
PACKAGE_TARNAME='sparky_engine'
PACKAGE_URL=''
PACKAGE_VERSION='0.1'
PATH_SEPARATOR=':'
PKG_CONFIG='/usr/bin/pkg-config'
PKG_CONFIG_LIBDIR=''
PKG_CONFIG_PATH=''
POFILES=''
POSUB='po'
PO_IN_DATADIR_FALSE=''
PO_IN_DATADIR_TRUE=''
RANLIB='ranlib'
SED='/usr/bin/sed'
SET_MAKE=''
SHELL='/bin/sh'
STRIP='strip'
USE_NLS='yes'
VERSION='0.1'
XGETTEXT='/usr/bin/xgettext'
ac_ct_AR='ar'
ac_ct_CC='gcc'
ac_ct_CXX='g++'
ac_ct_DUMPBIN=''
am__EXEEXT_FALSE=''
am__EXEEXT_TRUE='#'
am__fastdepCC_FALSE='#'
am__fastdepCC_TRUE=''
am__fastdepCXX_FALSE='#'
am__fastdepCXX_TRUE=''
am__include='include'
am__isrc=' -I$(srcdir)'
am__leading_dot='.'
am__nodep='_no'
am__quote=''
am__tar='$${TAR-tar} chof - "$$tardir"'
am__untar='$${TAR-tar} xf -'
bindir='${exec_prefix}/bin'
build='x86_64-pc-linux-gnu'
build_alias=''
build_cpu='x86_64'
build_os='linux-gnu'
build_vendor='pc'
datadir='${datarootdir}'
datarootdir='${prefix}/share'
docdir='${datarootdir}/doc/${PACKAGE_TARNAME}'
dvidir='${docdir}'
exec_prefix='${prefix}'
host='x86_64-pc-linux-gnu'
host_alias=''
host_cpu='x86_64'
host_os='linux-gnu'
host_vendor='pc'
htmldir='${docdir}'
includedir='${prefix}/include'
infodir='${datarootdir}/info'
install_sh='${SHELL} /home/thewaffledimension/projects/c++/sparky_engine/install-sh'
intltool__v_merge_options_0='-q'
intltool__v_merge_options_='$(intltool__v_merge_options_$(AM_DEFAULT_VERBOSITY))'
libdir='${exec_prefix}/lib'
libexecdir='${exec_prefix}/libexec'
localedir='${datarootdir}/locale'
localstatedir='${prefix}/var'
mandir='${datarootdir}/man'
mkdir_p='$(MKDIR_P)'
oldincludedir='/usr/include'
pdfdir='${docdir}'
prefix='/usr/local'
program_transform_name='s,x,x,'
psdir='${docdir}'
sbindir='${exec_prefix}/sbin'
sharedstatedir='${prefix}/com'
sysconfdir='${prefix}/etc'
target_alias=''

## ----------- ##
## confdefs.h. ##
## ----------- ##

/* confdefs.h */
#define PACKAGE_NAME "sparky_engine"
#define PACKAGE_TARNAME "sparky_engine"
#define PACKAGE_VERSION "0.1"
#define PACKAGE_STRING "sparky_engine 0.1"
#define PACKAGE_BUGREPORT ""
#define PACKAGE_URL ""
#define PACKAGE "sparky_engine"
#define VERSION "0.1"
#define GETTEXT_PACKAGE "sparky_engine"
#define STDC_HEADERS 1
#define HAVE_SYS_TYPES_H 1
#define HAVE_SYS_STAT_H 1
#define HAVE_STDLIB_H 1
#define HAVE_STRING_H 1
#define HAVE_MEMORY_H 1
#define HAVE_STRINGS_H 1
#define HAVE_INTTYPES_H 1
#define HAVE_STDINT_H 1
#define HAVE_UNISTD_H 1
#define HAVE_LOCALE_H 1
#define HAVE_LC_MESSAGES 1
#define HAVE_BIND_TEXTDOMAIN_CODESET 1
#define HAVE_GETTEXT 1
#define HAVE_DCGETTEXT 1
#define ENABLE_NLS 1
#define HAVE_DLFCN_H 1
#define LT_OBJDIR ".libs/"

configure: exit 0

## ---------------------- ##
## Running config.status. ##
## ---------------------- ##

This file was extended by sparky_engine config.status 0.1, which was
generated by GNU Autoconf 2.69.  Invocation command line was

  CONFIG_FILES    = 
  CONFIG_HEADERS  = 
  CONFIG_LINKS    = 
  CONFIG_COMMANDS = 
  $ ./config.status src/Makefile depfiles

on localhost.localdomain

config.status:1235: creating src/Makefile
config.status:1449: executing depfiles commands

## ---------------------- ##
## Running config.status. ##
## ---------------------- ##

This file was extended by sparky_engine config.status 0.1, which was
generated by GNU Autoconf 2.69.  Invocation command line was

  CONFIG_FILES    = 
  CONFIG_HEADERS  = 
  CONFIG_LINKS    = 
  CONFIG_COMMANDS = 
  $ ./config.status src/Makefile depfiles

on localhost.localdomain

config.status:1235: creating src/Makefile
config.status:1449: executing depfiles commands

## ---------------------- ##
## Running config.status. ##
## ---------------------- ##

This file was extended by sparky_engine config.status 0.1, which was
generated by GNU Autoconf 2.69.  Invocation command line was

  CONFIG_FILES    = 
  CONFIG_HEADERS  = 
  CONFIG_LINKS    = 
  CONFIG_COMMANDS = 
  $ ./config.status Makefile

on localhost.localdomain

config.status:1235: creating Makefile

## ---------------------- ##
## Running config.status. ##
## ---------------------- ##

This file was extended by sparky_engine config.status 0.1, which was
generated by GNU Autoconf 2.69.  Invocation command line was

  CONFIG_FILES    = po/Makefile.in
  CONFIG_HEADERS  = 
  CONFIG_LINKS    = 
  CONFIG_COMMANDS = 
  $ ./config.status 

on localhost.localdomain

config.status:1235: creating po/Makefile.in
config.status:1449: executing depfiles commands
config.status:1449: executing default-1 commands
config.status:1449: executing libtool commands
config.status:1449: executing po/stamp-it commands
